1600948522823	geckodriver	INFO	Listening on 127.0.0.1:56251
1600952154297	geckodriver	INFO	Listening on 127.0.0.1:58029
1600952157315	mozrunner::runner	INFO	Running command: "C:\\Users\\piotr.switakowski\\AppData\\Local\\Mozilla Firefox\\firefox.exe" "--marionette" "-foreground" "-no-remote" "-profile" "C:\\Users\\PIOTR~1.SWI\\AppData\\Local\\Temp\\rust_mozprofileNK5osY"
JavaScript error: resource://gre/modules/XULStore.jsm, line 66: Error: Can't find profile directory.
console.error: SearchCache: "_readCacheFile: Error reading cache file:" (new Error("", "(unknown module)"))
1600952163842	Marionette	INFO	Listening on port 58040
1600952165062	Marionette	WARN	TLS certificate errors will be ignored for this session
1600952267321	Marionette	INFO	Stopped listening on port 58040

###!!! [Child][RunMessage] Error: Channel closing: too late to send/recv, messages will be lost


###!!! [Child][MessageChannel::SendAndWait] Error: Channel error: cannot send/recv

1600952318214	geckodriver	INFO	Listening on 127.0.0.1:58271
1600952321232	mozrunner::runner	INFO	Running command: "C:\\Users\\piotr.switakowski\\AppData\\Local\\Mozilla Firefox\\firefox.exe" "--marionette" "-foreground" "-no-remote" "-profile" "C:\\Users\\PIOTR~1.SWI\\AppData\\Local\\Temp\\rust_mozprofile3tnUnZ"
JavaScript error: resource://gre/modules/XULStore.jsm, line 66: Error: Can't find profile directory.
console.error: SearchCache: "_readCacheFile: Error reading cache file:" (new Error("", "(unknown module)"))
1600952326438	Marionette	INFO	Listening on port 58282
1600952327349	Marionette	WARN	TLS certificate errors will be ignored for this session
JavaScript warning: https://www.instagram.com/static/bundles/es6/Consumer.js/e4246ad61eda.js, line 1186: Script terminated by timeout at:
l@https://www.instagram.com/static/bundles/es6/Consumer.js/e4246ad61eda.js:1186:795
qe@https://www.instagram.com/static/bundles/es6/Consumer.js/e4246ad61eda.js:1186:19481

Can't find symbol 'eglSwapBuffersWithDamageEXT'.
console.warn: LoginRecipes: "getRecipes: falling back to a synchronous message for:" "https://www.facebook.com"
console.warn: LoginRecipes: "getRecipes: falling back to a synchronous message for:" "https://www.facebook.com"
console.warn: LoginRecipes: "getRecipes: falling back to a synchronous message for:" "https://www.facebook.com"
console.warn: LoginRecipes: "getRecipes: falling back to a synchronous message for:" "https://www.facebook.com"
[Child 17144, Chrome_ChildThread] WARNING: pipe error: 232: file /builds/worker/checkouts/gecko/ipc/chromium/src/chrome/common/ipc_channel_win.cc, line 545
1600952452361	Marionette	INFO	Stopped listening on port 58282

###!!! [Child][MessageChannel::SendAndWait] Error: Channel error: cannot send/recv

XtjZ"
JavaScript error: resource://gre/modules/XULStore.jsm, line 66: Error: Can't find profile directory.
console.error: SearchCache: "_readCacheFile: Error reading cache file:" (new Error("", "(unknown module)"))
1600952451154	Marionette	INFO	Listening on port 58501
1600952452248	Marionette	WARN	TLS certificate errors will be ignored for this session
Can't find symbol 'eglSwapBuffersWithDamageEXT'.
IPDL protocol error: Handler returned error code!

###!!! [Parent][DispatchAsyncMessage] Error: PLayerTransaction::Msg_ReleaseLayer Processing error: message was deserialized, but the handler returned false (indicating failure)

IPDL protocol error: Handler returned error code!

###!!! [Parent][DispatchAsyncMessage] Error: PLayerTransaction::Msg_ReleaseLayer Processing error: message was deserialized, but the handler returned false (indicating failure)

IPDL protocol error: Handler returned error code!

###!!! [Parent][DispatchAsyncMessage] Error: PLayerTransaction::Msg_ReleaseLayer Processing error: message was deserialized, but the handler returned false (indicating failure)

IPDL protocol error: Handler returned error code!

###!!! [Parent][DispatchAsyncMessage] Error: PLayerTransaction::Msg_ReleaseLayer Processing error: message was deserialized, but the handler returned false (indicating failure)

IPDL protocol error: Handler returned error code!

###!!! [Parent][DispatchAsyncMessage] Error: PLayerTransaction::Msg_ReleaseLayer Processing error: message was deserialized, but the handler returned false (indicating failure)

1600953425399	Marionette	INFO	Stopped listening on port 58501

###!!! [Child][RunMessage] Error: Channel closing: too late to send/recv, messages will be lost


###!!! [Child][MessageChannel::SendAndWait] Error: Channel error: cannot send/recv

1600953955017	geckodriver	INFO	Listening on 127.0.0.1:59725
1600953958020	mozrunner::runner	INFO	Running command: "C:\\Users\\piotr.switakowski\\AppData\\Local\\Mozilla Firefox\\firefox.exe" "--marionette" "-foreground" "-no-remote" "-profile" "C:\\Users\\PIOTR~1.SWI\\AppData\\Local\\Temp\\rust_mozprofile8PCWTY"
JavaScript error: resource://gre/modules/XULStore.jsm, line 66: Error: Can't find profile directory.
console.error: SearchCache: "_readCacheFile: Error reading cache file:" (new Error("", "(unknown module)"))
1600953963444	Marionette	INFO	Listening on port 59733
1600953964154	Marionette	WARN	TLS certificate errors will be ignored for this session
Can't find symbol 'eglSwapBuffersWithDamageEXT'.
console.warn: LoginRecipes: "getRecipes: falling back to a synchronous message for:" "https://www.facebook.com"
console.warn: LoginRecipes: "getRecipes: falling back to a synchronous message for:" "https://www.facebook.com"
IPDL protocol error: Handler returned error code!

###!!! [Parent][DispatchAsyncMessage] Error: PLayerTransaction::Msg_ReleaseLayer Processing error: message was deserialized, but the handler returned false (indicating failure)

IPDL protocol error: Handler returned error code!

###!!! [Parent][DispatchAsynJavaScript error: resource://gre/modules/XULStore.jsm, line 66: Error: Can't find profile directory.
console.error: SearchCache: "_readCacheFile: Error reading cache file:" (new Error("", "(unknown module)"))
1600954576656	Marionette	INFO	Listening on port 60029
1600954577512	Marionette	WARN	TLS certificate errors will be ignored for this session
Can't find symbol 'eglSwapBuffersWithDamageEXT'.
1600954666040	Marionette	INFO	Stopped listening on port 60029

###!!! [Child][RunMessage] Error: Channel closing: too late to send/recv, messages will be lost


###!!! [Child][MessageChannel::SendAndWait] Error: Channel error: cannot send/recv

 error code!

###!!! [Parent][DispatchAsyncMessage] Error: PLayerTransaction::Msg_ReleaseLayer Processing error: message was deserialized, but the handler returned false (indicating failure)

1600954574795	Marionette	INFO	Stopped listening on port 59733

###!!! [Child][RunMessage] Error: Channel closing: too late to send/recv, messages will be lost


###!!! [Child][MessageChannel::SendAndWait] Error: Channel error: cannot send/recv

1600954668752	geckodriver	INFO	Listening on 127.0.0.1:60213
1600954671758	mozrunner::runner	INFO	Running command: "C:\\Users\\piotr.switakowski\\AppData\\Local\\Mozilla Firefox\\firefox.exe" "--marionette" "-foreground" "-no-remote" "-profile" "C:\\Users\\PIOTR~1.SWI\\AppData\\Local\\Temp\\rust_mozprofilem7SroE"
JavaScript error: resource://gre/modules/XULStore.jsm, line 66: Error: Can't find profile directory.
console.error: SearchCache: "_readCacheFile: Error reading cache file:" (new Error("", "(unknown module)"))
1600954677120	Marionette	INFO	Listening on port 60221
1600954678389	Marionette	WARN	TLS certificate errors will be ignored for this session
Can't find symbol 'eglSwapBuffersWithDamageEXT'.
1600954689859	Marionette	INFO	Stopped listening on port 60221

###!!! [Child][RunMessage] Error: Channel closing: too late to send/recv, messages will be lost


###!!! [Child][MessageChannel::SendAndWait] Error: Channel error: cannot send/recv

1600954889356	geckodriver	INFO	Listening on 127.0.0.1:60438
1600954892364	mozrunner::runner	INFO	Running command: "C:\\Users\\piotr.switakowski\\AppData\\Local\\Mozilla Firefox\\firefox.exe" "--marionette" "-foreground" "-no-remote" "-profile" "C:\\Users\\PIOTR~1.SWI\\AppData\\Local\\Temp\\rust_mozprofileZBpb3Q"
JavaScript error: resource://gre/modules/XULStore.jsm, line 66: Error: Can't find profile directory.
console.error: SearchCache: "_readCacheFile: Error reading cache file:" (new Error("", "(unknown module)"))
1600954897560	Marionette	INFO	Listening on port 60450
1600954897797	Marionette	WARN	TLS certificate errors will be ignored for this session
Can't find symbol 'eglSwapBuffersWithDamageEXT'.
1600954918785	Marionette	INFO	Stopped listening on port 60451600954919653	mozrunner::runner	INFO	Running command: "C:\\Users\\piotr.switakowski\\AppData\\Local\\Mozilla Firefox\\firefox.exe" "--marionette" "-foreground" "-no-remote" "-profile" "C:\\Users\\PIOTR~1.SWI\\AppData\\Local\\Temp\\rust_mozprofile2Q6E84"
JavaScript error: resource://gre/modules/XULStore.jsm, line 66: Error: Can't find profile directory.
console.error: SearchCache: "_readCacheFile: Error reading cache file:" (new Error("", "(unknown module)"))
1600954924801	Marionette	INFO	Listening on port 60532
1600954925800	Marionette	WARN	TLS certificate errors will be ignored for this session
Can't find symbol 'eglSwapBuffersWithDamageEXT'.
1600954943210	Marionette	INFO	Stopped listening on port 60531600954944906	mozrunner::runner	INFO	Running command: "C:\\Users\\piotr.switakowski\\AppData\\Local\\Mozilla Firefox\\firefox.exe" "--marionette" "-foreground" "-no-remote" "-profile" "C:\\Users\\PIOTR~1.SWI\\AppData\\Local\\Temp\\rust_mozprofileWOEnHY"
JavaScript error: resource://gre/modules/XULStore.jsm, line 66: Error: Can't find profile directory.
console.error: SearchCache: "_readCacheFile: Error reading cache file:" (new Error("", "(unknown module)"))
1600954950000	Marionette	INFO	Listening on port 60627
1600954950343	Marionette	WARN	TLS certificate errors will be ignored for this session
Can't find symbol 'eglSwapBuffersWithDamageEXT'.
console.warn: LoginRecipes: "getRecipes: falling back to a synchronous message for:" "https://www.facebook.com"
console.warn: LoginRecipes: "getRecipes: falling back to a synchronous message for:" "https://www.facebook.com"
console.warn: LoginRecipes: "getRecipes: falling back to a synchronous message for:" "https://www.facebook.com"
IPDL protocol error: Handler returned error code!

###!!! [Parent][DispatchAsyncMessage] Error: PLayerTransaction::Msg_ReleaseLayer Processing error: message was deserialized, but the handler returned false (indicating failure)

IPDL protocol error: Handler returned error code!

###!!! [Parent][DispatchAsyncMessage] Error: PLayerTransaction::Msg_ReleaseLayer Processing error: message was deserialized, but the handler returned false (indicating failure)

IPDL protocol error: Handler returned error code!

###!!! [Parent][DispatchAsyncMessage] Error: PLayerTransaction::Msg_ReleaseLayer Processing error: message was deserialized, but the handler returned false (indicating failure)

IPDL protocol error: Handler returned error code!

###!!! [Parent][DispatchAsyncMessage] Error: PLayerTransaction::Msg_ReleaseLayer Processing error: message was deserialized, but the handler returned false (indicating failure)

IPDL protocol error: Handler returned error code!

###!!! [Parent][DispatchAsyncMessage] Error: PLayerTransaction::Msg_ReleaseLayer Processing error: message was deserialized, but the handler returned false (indicating failure)

1600955198130	Marionette	INFO	Stopped listening on port 60627

###!!! [Child][RunMessage] Error: Channel closing: too late to send/recv, messages will be lost


###!!! [Child][MessageChannel::SendAndWait] Error: Channel error: cannot send/recv

WithDamageEXT'.
1600955196481	Marionette	INFO	Stopped listening on port 60862

###!!! [Child][RunMessage] Error: Channel closing: too late to send/recv, messages will be lost


###!!! [Child][MessageChannel::SendAndWait] Error: Channel error: cannot send/recv

1600955752189	geckodriver	INFO	Listening on 127.0.0.1:61728
1600955755174	mozrunner::runner	INFO	Running command: "C:\\Users\\piotr.switakowski\\AppData\\Local\\Mozilla Firefox\\firefox.exe" "--marionette" "-foreground" "-no-remote" "-profile" "C:\\Users\\PIOTR~1.SWI\\AppData\\Local\\Temp\\rust_mozprofilepitLiJ"
JavaScript error: resource://gre/modules/XULStore.jsm, line 66: Error: Can't find profile directory.
console.error: SearchCache: "_readCacheFile: Error reading cache file:" (new Error("", "(unknown module)"))
1600955762774	Marionette	INFO	Listening on port 61736
1600955763909	Marionette	WARN	TLS certificate errors will be ignored for this session
Can't find symbol 'eglSwapBuffersWithDamageEXT'.
JavaScript warning: https://static.xx.fbcdn.net/rsrc.php/v3/y0/r/gm_kA6YJj4Q.js?_nc_x=mHLgZEFa-EC, line 44: unreachable code after return statement
JavaScript warning: https://static.xx.fbcdn.net/rsrc.php/v3/y0/r/gm_kA6YJj4Q.js?_nc_x=mHLgZEFa-EC, line 44: unreachable code after return statement
JavaScript warning: https://static.xx.fbcdn.net/rsrc.php/v3/y0/r/gm_kA6YJj4Q.js?_nc_x=mHLgZEFa-EC, line 44: unreachable code after return statement
[Child 14904, MediaDecoderStateMachine #1] WARNING: Decoder=23414b26000 Decode error: NS_ERROR_DOM_MEDIA_FATAL_ERR (0x806e0005) - RefPtr<MediaSourceTrackDemuxer::SamplesPromise> __cdecl mozilla::MediaSourceTrackDemuxer::DoGetSamples(int32_t): manager is detached.: file /builds/worker/checkouts/gecko/dom/media/MediaDecoderStateMachine.cpp, line 3470
[Child 14904, MediaDecoderStateMachine #1] WARNING: Decoder=23414b26000 Decode error: NS_ERROR_DOM_MEDIA_FATAL_ERR (0x806e0005) - RefPtr<MediaSourceTrackDemuxer::SamplesPromise> __cdecl mozilla::MediaSourceTrackDemuxer::DoGetSamples(int32_t): manager is detached.: file /builds/worker/checkouts/gecko/dom/media/MediaDecoderStateMachine.cpp, line 3470
[Child 14904, MediaDecoderStateMachine #1] WARNING: Decoder=23414b26000 Decode error: NS_ERROR_DOM_MEDIA_FATAL_ERR (0x806e0005) - RefPtr<MediaSourceTrackDemuxer::SamplesPromise> __cdecl mozilla::MediaSourceTrackDemuxer::DoGetSamples(int32_t): manager is detached.: file /builds/worker/checkouts/gecko/dom/media/MediaDecoderStateMachine.cpp, line 3470
[Child 14904, MediaDecoderStateMachine #1] WARNING: Decoder=23414b26000 Decode error: NS_ERROR_DOM_MEDIA_FATAL_ERR (0x806e0005) - RefPtr<MediaSourceTrackDemuxer::SamplesPromise> __cdecl mozilla::MediaSourceTrackDemuxer::DoGetSamples(int32_t): manager is detached.: file /builds/worker/checkouts/gecko/dom/media/MediaDecoderStateMachine.cpp, line 3470
JavaScript warning: https://static.xx.fbcdn.net/rsrc.php/v3iVHb4/ys/l/en_US/E1qensOIUyM.js?_nc_x=mHLgZEFa-EC, line 1028: unreachable code after return statement
JavaScript warning: https://static.xx.fbcdn.net/rsrc.php/v3/y0/r/gm_kA6YJj4Q.js?_nc_x=mHLgZEFa-EC, line 44: unreachable code after return statement
JavaScript warning: https://static.xx.fbcdn.net/rsrc.php/v3/y0/r/gm_kA6YJj4Q.js?_nc_x=mHLgZEFa-EC, line 44: unreachable code after return statement
JavaScript warning: https://static.xx.fbcdn.net/rsrc.php/v3/y0/r/gm_kA6YJj4Q.js?_nc_x=mHLgZEFa-EC, line 44: unreachable code after return statement
1600955913926	Marionette	INFO	Stopped listening on port 61736

###!!! [Child][RunMessage] Error: Channel closing: too late to send/recv, messages will be lost


###!!! [Child][MessageChannel::SendAndWait] Error: Channel error: cannot send/recv

1600955951982	geckodriver	INFO	Listening on 127.0.0.1:61956
1600955955010	mozrunner::runner	INFO	Running command: "C:\\Users\\piotr.switakowski\\AppData\\Local\\Mozilla Firefox\\firefox.exe" "--marionette" "-foreground" "-no-remote" "-profile" "C:\\Users\\PIOTR~1.SWI\\AppData\\Local\\Temp\\rust_mozprofilekf95du"
JavaScript error: resource://gre/modules/XULStore.jsm, line 66: Error: Can't find profile directory.
console.error: SearchCache: "_readCacheFile: Error reading cache file:" (new Error("", "(unknown module)"))
1600955960169	Marionette	INFO	Listening on port 61964
1600955961153	Marionette	WARN	TLS certificate errors will be ignored for this session
Can't find symbol 'eglSwapBuffersWithDamageEXT'.
JavaScript warning: https://static.xx.fbcdn.net/rsrc.php/v3/y0/r/gm_kA6YJj4Q.js?_nc_x=mHLgZEFa-EC, line 44: unreachable code after return statement
JavaScript warning: https://static.xx.fbcdn.net/rsrc.php/v3/y0/r/gm_kA6YJj4Q.js?_nc_x=mHLgZEFa-EC, line 44: unreachable code after return statement
JavaScript warning: https://static.xx.fbcdn.net/rsrc.php/v3/y0/r/gm_kA6YJj4Q.js?_nc_x=mHLgZEFa-EC, line 44: unreachable code after return statement
IPDL protocol error: Handler returned error code!

###!!! [Parent][DispatchAsyncMessage] Error: PLayerTransaction::Msg_ReleaseLayer Processing error: message was deserialized, but the handler returned false (indicating failure)

1600955974817	Marionette	INFO	Stopped listening on port 61964

###!!! [Child][RunMessage] Error: Channel closing: too late to send/recv, messages will be lost


###!!! [Child][MessageChannel::SendAndWait] Error: Channel error: cannot send/recv

1600956992682	geckodriver	INFO	Listening on 127.0.0.1:63127
1600956995702	mozrunner::runner	INFO	Running command: "C:\\Users\\piotr.switakowski\\AppData\\Local\\Mozilla Firefox\\firefox.exe" "--marionette" "-foreground" "-no-remote" "-profile" "C:\\Users\\PIOTR~1.SWI\\AppData\\Local\\Temp\\rust_mozprofile4ppv89"
JavaScript error: resource://gre/modules/XULStore.jsm, line 66: Error: Can't find profile directory.
console.error: SearchCache: "_readCacheFile: Error reading cache file:" (new Error("", "(unknown module)"))
console.error: services.settings: 
  main/fxmonitor-breaches Signature failed  TypeError: NetworkError when attempting to fetch resource.
console.error: Region.jsm: "Error fetching region" (new TypeError("NetworkError when attempting to fetch resource.", ""))
console.error: Region.jsm: "Failed to fetch region" (new Error("NO_RESULT", "resource://gre/modules/Region.jsm", 351))

###!!! [Child][RunMessage] Error: Channel closing: too late to send/recv, messages will be lost


###!!! [Child][MessageChannel::SendAndWait] Error: Channel error: cannot send/recv

1600957014025	geckodriver	INFO	Listening on 127.0.0.1:63174
1600957017033	mozrunner::runner	INFO	Running command: "C:\\Users\\piotr.switakowski\\AppData\\Local\\Mozilla Firefox\\firefox.exe" "--marionette" "-foreground" "-no-remote" "-profile" "C:\\Users\\PIOTR~1.SWI\\AppData\\Local\\Temp\\rust_mozprofile4rTnZM"
JavaScript error: resource://gre/modules/XULStore.jsm, line 66: Error: Can't find profile directory.
console.error: SearchCache: "_readCacheFile: Error reading cache file:" (new Error("", "(unknown module)"))
1600957022289	Marionette	INFO	Listening on port 63182
1600957023160	Marionette	WARN	TLS certificate errors will be ignored for this session
console.warn: LoginRecipes: "getRecipes: falling back to a synchronous message for:" "https://www.instagram.com"
1600957049646	Marionette	INFO	Stopped listening on port 63181600957051168	mozrunner::runner	INFO	Running command: "C:\\Users\\piotr.switakowski\\AppData\\Local\\Mozilla Firefox\\firefox.exe" "--marionette" "-foreground" "-no-remote" "-profile" "C:\\Users\\PIOTR~1.SWI\\AppData\\Local\\Temp\\rust_mozprofile4DNiZ4"
JavaScript error: resource://gre/modules/XULStore.jsm, line 66: Error: Can't find profile directory.
console.error: SearchCache: "_readCacheFile: Error reading cache file:" (new Error("", "(unknown module)"))
1600957057926	Marionette	INFO	Listening on port 63269
1600957059436	Marionette	WARN	TLS certificate errors will be ignored for this session
console.warn: LoginRecipes: "getRecipes: falling back to a synchronous message for:" "https://www.instagram.com"
SourceActor threw an exception: [Exception... "Component returned failure code: 0x80470002 (NS_BASE_STREAM_CLOSED) [nsIInputStream.available]"  nsresult: "0x80470002 (NS_BASE_STREAM_CLOSED)"  location: "JS frame :: resource://devtools/shared/DevToolsUtils.js :: onResponse :: line 560"  data: no]
Stack: onResponse@resource://devtools/shared/DevToolsUtils.js:560:34
onStopRequest@resource://gre/modules/NetUtil.jsm:128:18
Line: 560, column: 0
console.error: ({})
JavaScript error: resource://devtools/shared/DevToolsUtils.js, line 560: NS_BASE_STREAM_CLOSED: Component returned failure code: 0x80470002 (NS_BASE_STREAM_CLOSED) [nsIInputStream.available]
console.warn: LoginRecipes: "getRecipes: falling back to a synchronous message for:" "https://www.instagram.com"
console.warn: LoginRecipes: "getRecipes: falling back to a synchronous message for:" "https://www.instagram.com"
console.warn: LoginRecipes: "getRecipes: falling back to a synchronous message for:" "https://www.instagram.com"
1600957242036	Marionette	INFO	Stopped listening on port 63269

###!!! [Child][RunMessage] Error: Channel closing: too late to send/recv, messages will be lost


###!!! [Child][MessageChannel::SendAndWait] Error: Channel error: cannot send/recv

rs\\PIOTR~1.SWI\\AppData\\Local\\Temp\\rust_mozprofilewBVTdJ"
JavaScript error: resource://gre/modules/XULStore.jsm, line 66: Error: Can't find profile directory.
console.error: SearchCache: "_readCacheFile: Error reading cache file:" (new Error("", "(unknown module)"))
1600957177483	Marionette	INFO	Listening on port 63386
console.error: services.settings: 
  main/fxmonitor-breaches Signature failed  TypeError: NetworkError when attempting to fetch resource.
1600957178860	Marionette	WARN	TLS certificate errors will be ignored for this session
console.warn: LoginRecipes: "getRecipes: falling back to a synchronous message for:" "https://www.instagram.com"
SourceActor threw an exception: [Exception... "Component returned failure code: 0x80470002 (NS_BASE_STREAM_CLOSED) [nsIInputStream.available]"  nsresult: "0x80470002 (NS_BASE_STREAM_CLOSED)"  location: "JS frame :: resource://devtools/shared/DevToolsUtils.js :: onResponse :: line 560"  data: no]
Stack: onResponse@resource://devtools/shared/DevToolsUtils.js:560:34
onStopRequest@resource://gre/modules/NetUtil.jsm:128:18
Line: 560, column: 0
console.error: ({})
JavaScript error: resource://devtools/shared/DevToolsUtils.js, line 560: NS_BASE_STREAM_CLOSED: Component returned failure code: 0x80470002 (NS_BASE_STREAM_CLOSED) [nsIInputStream.available]
console.warn: LoginRecipes: "getRecipes: falling back to a synchronous message for:" "https://www.instagram.com"
console.warn: LoginRecipes: "getRecipes: falling back to a synchronous message for:" "https://www.instagram.com"
1600957241295	Marionette	INFO	Stopped listening on port 63386

###!!! [Child][RunMessage] Error: Channel closing: too late to send/recv, messages will be lost


###!!! [Child][MessageChannel::SendAndWait] Error: Channel error: cannot send/recv

rs\\PIOTR~1.SWI\\AppData\\Local\\Temp\\rust_mozprofilekzPCYe"
JavaScript error: resource://gre/modules/XULStore.jsm, line 66: Error: Can't find profile directory.
console.error: SearchCache: "_readCacheFile: Error reading cache file:" (new Error("", "(unknown module)"))
1600957230686	Marionette	INFO	Listening on port 63495
1600957232117	Marionette	WARN	TLS certificate errors will be ignored for this session
1600957240587	Marionette	INFO	Stopped listening on port 63495

###!!! [Child][RunMessage] Error: Channel closing: too late to send/recv, messages will be lost


###!!! [Child][MessageChannel::SendAndWait] Error: Channel error: cannot send/recv

1600957678360	geckodriver	INFO	Listening on 127.0.0.1:63993
1600957681369	mozrunner::runner	INFO	Running command: "C:\\Users\\piotr.switakowski\\AppData\\Local\\Mozilla Firefox\\firefox.exe" "--marionette" "-foreground" "-no-remote" "-profile" "C:\\Users\\PIOTR~1.SWI\\AppData\\Local\\Temp\\rust_mozprofilezu3Pgo"
JavaScript error: resource://gre/modules/XULStore.jsm, line 66: Error: Can't find profile directory.
console.error: SearchCache: "_readCacheFile: Error reading cache file:" (new Error("", "(unknown module)"))
1600957688923	Marionette	INFO	Listening on port 64001
1600957689606	Marionette	WARN	TLS certificate errors will be ignored for this session
1600957742812	Marionette	INFO	Stopped listening on port 64001

###!!! [Child][RunMessage] Error: Channel closing: too late to send/recv, messages will be lost


###!!! [Child][MessageChannel::SendAndWait] Error: Channel error: cannot send/recv

rs\\PIOTR~1.SWI\\AppData\\Local\\Temp\\rust_mozprofileGIP7dQ"
JavaScript error: resource://gre/modules/XULStore.jsm, line 66: Error: Can't find profile directory.
console.error: SearchCache: "_readCacheFile: Error reading cache file:" (new Error("", "(unknown module)"))
1600957743922	Marionette	INFO	Listening on port 64083
1600957744993	Marionette	WARN	TLS certificate errors will be ignored for this session
1600957767456	Marionette	INFO	Stopped listening on port 64083

###!!! [Child][RunMessage] Error: Channel closing: too late to send/recv, messages will be lost


###!!! [Child][MessageChannel::SendAndWait] Error: Channel error: cannot send/recv

1600957853320	geckodriver	INFO	Listening on 127.0.0.1:64177
1600957856326	mozrunner::runner	INFO	Running command: "C:\\Users\\piotr.switakowski\\AppData\\Local\\Mozilla Firefox\\firefox.exe" "--marionette" "-foreground" "-no-remote" "-profile" "C:\\Users\\PIOTR~1.SWI\\AppData\\Local\\Temp\\rust_mozprofileft8hfH"
JavaScript error: resource://gre/modules/XULStore.jsm, line 66: Error: Can't find profile directory.
console.error: SearchCache: "_readCacheFile: Error reading cache file:" (new Error("", "(unknown module)"))
1600957861660	Marionette	INFO	Listening on port 64185
1600957861948	Marionette	WARN	TLS certificate errors will be ignored for this session
1600957876646	Marionette	INFO	Stopped listening on port 64185

###!!! [Child][RunMessage] Error: Channel closing: too late to send/recv, messages will be lost


###!!! [Child][MessageChannel::SendAndWait] Error: Channel error: cannot send/recv

1600957894944	geckodriver	INFO	Listening on 127.0.0.1:64260
1600957897956	mozrunner::runner	INFO	Running command: "C:\\Users\\piotr.switakowski\\AppData\\Local\\Mozilla Firefox\\firefox.exe" "--marionette" "-foreground" "-no-remote" "-profile" "C:\\Users\\PIOTR~1.SWI\\AppData\\Local\\Temp\\rust_mozprofilefxL4FE"
JavaScript error: resource://gre/modules/XULStore.jsm, line 66: Error: Can't find profile directory.
console.error: SearchCache: "_readCacheFile: Error reading cache file:" (new Error("", "(unknown module)"))
1600957903505	Marionette	INFO	Listening on port 64268
1600957904618	Marionette	WARN	TLS certificate errors will be ignored for this session
1600957933636	Marionette	INFO	Stopped listening on port 64268

###!!! [Child][RunMessage] Error: Channel closing: too late to send/recv, messages will be lost


###!!! [Child][MessageChannel::SendAndWait] Error: Channel error: cannot send/recv

1600958111261	geckodriver	INFO	Listening on 127.0.0.1:64390
1600958114274	mozrunner::runner	INFO	Running command: "C:\\Users\\piotr.switakowski\\AppData\\Local\\Mozilla Firefox\\firefox.exe" "--marionette" "-foreground" "-no-remote" "-profile" "C:\\Users\\PIOTR~1.SWI\\AppData\\Local\\Temp\\rust_mozprofileI0ydGk"
JavaScript error: resource://gre/modules/XULStore.jsm, line 66: Error: Can't find profile directory.
console.error: SearchCache: "_readCacheFile: Error reading cache file:" (new Error("", "(unknown module)"))
1600958120422	Marionette	INFO	Listening on port 64402
1600958121241	Marionette	WARN	TLS certificate errors will be ignored for this session
JavaScript error: resource://gre/actors/AutoCompleteChild.jsm, line 235: Error: Invalid autocomplete selectedIndex
JavaScript error: resource://gre/actors/AutoCompleteChild.jsm, line 235: Error: Invalid autocomplete selectedIndex
JavaScript error: resource://gre/modules/LoginManagerChild.jsm, line 190: NS_ERROR_XPC_JAVASCRIPT_ERROR_WITH_DETAILS: [JavaScript Error: "Invalid autocomplete selectedIndex" {file: "resource://gre/actors/AutoCompleteChild.jsm" line: 235}]'[JavaScript Error: "Invalid autocomplete selectedIndex" {file: "resource://gre/actors/AutoCompleteChild.jsm" line: 235}]' when calling method: [nsIAutoCompletePopup::selectedIndex]
1600958177144	Marionette	INFO	Stopped listening on port 64402

###!!! [Child][RunMessage] Error: Channel closing: too late to send/recv, messages will be lost


###!!! [Child][MessageChannel::SendAndWait] Error: Channel error: cannot send/recv

rs\\PIOTR~1.SWI\\AppData\\Local\\Temp\\rust_mozprofileHN2zAZ"
JavaScript error: resource://gre/modules/XULStore.jsm, line 66: Error: Can't find profile directory.
console.error: SearchCache: "_readCacheFile: Error reading cache file:" (new Error("", "(unknown module)"))
1600958181531	Marionette	INFO	Listening on port 64497
1600958182193	Marionette	WARN	TLS certificate errors will be ignored for this session
1600958212229	Marionette	INFO	Stopped listening on port 64497

###!!! [Child][RunMessage] Error: Channel closing: too late to send/recv, messages will be lost


###!!! [Child][MessageChannel::SendAndWait] Error: Channel error: cannot send/recv

1600987578001	geckodriver	INFO	Listening on 127.0.0.1:51916
1600987581023	mozrunner::runner	INFO	Running command: "C:\\Program Files\\Mozilla Firefox\\firefox.exe" "--marionette" "-foreground" "-no-remote" "-profile" "C:\\Users\\Piotrek\\AppData\\Local\\Temp\\rust_mozprofilebeFOhj"
JavaScript error: resource://gre/modules/XULStore.jsm, line 66: Error: Can't find profile directory.
console.error: SearchCache: "_readCacheFile: Error reading cache file:" (new Error("", "(unknown module)"))
1600987582480	Marionette	INFO	Listening on port 51926
1600987582530	Marionette	WARN	TLS certificate errors will be ignored for this session
JavaScript error: resource://gre/modules/XULStore.jsm, line 66: Error: Can't find profile directory.
JavaScript error: resource://gre/modules/XULStore.jsm, line 66: Error: Can't find profile directory.
JavaScript warning: https://assets.vlitag.com/plugins/cmptcf2/cmp2.js, line 1322: unreachable code after return statement
Can't find symbol 'eglSwapBuffersWithDamageEXT'.
JavaScript warning: https://assets.vlitag.com/plugins/cmptcf2/cmp2.js, line 1322: unreachable code after return statement
JavaScript error: https://ad-cdn.technoratimedia.com/html/usersync.html?src=prebid_prebid_3.21.0, line 149: SecurityError: The operation is insecure.
JavaScript error: https://ad-cdn.technoratimedia.com/html/usersync.html?src=prebid_prebid_3.21.0, line 149: SecurityError: The operation is insecure.
IPDL protocol error: Handler returned error code!

###!!! [Parent][DispatchAsyncMessage] Error: PLayerTransaction::Msg_ReleaseLayer Processing error: message was deserialized, but the handler returned false (indicating failure)

IPDL protocol error: Handler returned error code!

###!!! [Parent][DispatchAsyncMessage] Error: PLayerTransaction::Msg_ReleaseLayer Processing error: message was deserialized, but the handler returned false (indicating failure)

IPDL protocol error: Handler returned error code!

###!!! [Parent][DispatchAsyncMessage] Error: PLayerTransaction::Msg_ReleaseLayer Processing error: message was deserialized, but the handler returned false (indicating failure)

IPDL protocol error: Handler returned error code!

###!!! [Parent][DispatchAsyncMessage] Error: PLayerTransaction::Msg_ReleaseLayer Processing error: message was deserialized, but the handler returned false (indicating failure)

IPDL protocol error: Handler returned error code!

###!!! [Parent][DispatchAsyncMessage] Error: PLayerTransaction::Msg_ReleaseLayer Processing error: message was deserialized, but the handler returned false (indicating failure)

IPDL protocol error: Handler returned error code!

###!!! [Parent][DispatchAsyncMessage] Error: PLayerTransaction::Msg_ReleaseLayer Processing error: message was deserialized, but the handler returned false (indicating failure)

IPDL protocol error: Handler returned error code!

###!!! [Parent][DispatchAsyncMessage] Error: PLayerTransaction::Msg_ReleaseLayer Processing error: message was deserialized, but the handler returned false (indicating failure)

IPDL protocol error: Handler returned error code!

###!!! [Parent][DispatchAsyncMessage] Error: PLayerTransaction::Msg_ReleaseLayer Processing error: message was deserialized, but the handler returned false (indicating failure)

IPDL protocol error: Handler returned error code!

###!!! [Parent][DispatchAsyncMessage] Error: PLayerTransaction::Msg_ReleaseLayer Processing error: message was deserialized, but the handler returned false (indicating failure)

IPDL protocol error: Handler returned error code!

###!!! [Parent][DispatchAsyncMessage] Error: PLayerTransaction::Msg_ReleaseLayer Processing error: message was deserialized, but the handler returned false (indicating failure)

IPDL protocol error: Handler returned error code!

###!!! [Parent][DispatchAsyncMessage] Error: PLayerTransaction::Msg_ReleaseLayer Processing error: message was deserialized, but the handler returned false (indicating failure)

IPDL protocol error: Handler returned error code!

###!!! [Parent][DispatchAsyncMessage] Error: PLayerTransaction::Msg_ReleaseLayer Processing error: message was deserialized, but the handler returned false (indicating failure)

IPDL protocol error: Handler returned error code!

###!!! [Parent][DispatchAsyncMessage] Error: PLayerTransaction::Msg_ReleaseLayer Processing error: message was deserialized, but the handler returned false (indicating failure)

IPDL protocol error: Handler returned error code!

###!!! [Parent][DispatchAsyncMessage] Error: PLayerTransaction::Msg_ReleaseLayer Processing error: message was deserialized, but the handler returned false (indicating failure)

IPDL protocol error: Handler returned error code!

###!!! [Parent][DispatchAsyncMessage] Error: PLayerTransaction::Msg_ReleaseLayer Processing error: message was deserialized, but the handler returned false (indicating failure)

IPDL protocol error: Handler returned error code!

###!!! [Parent][DispatchAsyncMessage] Error: PLayerTransaction::Msg_ReleaseLayer Processing error: message was deserialized, but the handler returned false (indicating failure)

IPDL protocol error: Handler returned error code!

###!!! [Parent][DispatchAsyncMessage] Error: PLayerTransaction::Msg_ReleaseLayer Processing error: message was deserialized, but the handler returned false (indicating failure)

1600987632144	Marionette	INFO	Stopped listening on port 51926

###!!! [Child][RunMessage] Error: Channel closing: too late to send/recv, messages will be lost


###!!! [Child][MessageChannel::SendAndWait] Error: Channel error: cannot send/recv

1600987633038	geckodriver	INFO	Listening on 127.0.0.1:65294
1600987636053	mozrunner::runner	INFO	Running command: "C:\\Program Files\\Mozilla Firefox\\firefox.exe" "--marionette" "-foreground" "-no-remote" "-profile" "C:\\Users\\Piotrek\\AppData\\Local\\Temp\\rust_mozprofileulIdsc"
JavaScript error: resource://gre/modules/XULStore.jsm, line 66: Error: Can't find profile directory.
console.error: SearchCache: "_readCacheFile: Error reading cache file:" (new Error("", "(unknown module)"))
1600987637386	Marionette	INFO	Listening on port 65303
1600987637559	Marionette	WARN	TLS certificate errors will be ignored for this session
JavaScript error: resource://gre/modules/XULStore.jsm, line 66: Error: Can't find profile directory.
JavaScript error: resource://gre/modules/XULStore.jsm, line 66: Error: Can't find profile directory.
JavaScript warning: https://assets.vlitag.com/plugins/cmptcf2/cmp2.js, line 1322: unreachable code after return statement
Can't find symbol 'eglSwapBuffersWithDamageEXT'.
JavaScript warning: https://assets.vlitag.com/plugins/cmptcf2/cmp2.js, line 1322: unreachable code after return statement
JavaScript error: https://ad-cdn.technoratimedia.com/html/usersync.html?src=prebid_prebid_3.21.0, line 149: SecurityError: The operation is insecure.
SourceActor threw an exception: [Exception... "Component returned failure code: 0x80470002 (NS_BASE_STREAM_CLOSED) [nsIInputStream.available]"  nsresult: "0x80470002 (NS_BASE_STREAM_CLOSED)"  location: "JS frame :: resource://devtools/shared/DevToolsUtils.js :: onResponse :: line 560"  data: no]
Stack: onResponse@resource://devtools/shared/DevToolsUtils.js:560:34
onStopRequest@resource://gre/modules/NetUtil.jsm:128:18
Line: 560, column: 0
console.error: ({})
JavaScript error: resource://devtools/shared/DevToolsUtils.js, line 560: NS_BASE_STREAM_CLOSED: Component returned failure code: 0x80470002 (NS_BASE_STREAM_CLOSED) [nsIInputStream.available]
console.error: "Error while calling actor 'layout's method 'getGrids'" "node is null"
console.error: "getGrids@resource://devtools/server/actors/layout.js:502:26\ngetGrids@resource://devtools/server/actors/layout.js:507:43\ngetGrids@resource://devtools/server/actors/layout.js:507:43\ngetGrids@resource://devtools/server/actors/layout.js:507:43\nhandler@resource://devtools/shared/protocol/Actor.js:166:37\nonPacket@resource://devtools/server/devtools-server-connection.js:379:58\nreceiveMessage@resource://devtools/shared/transport/child-transport.js:66:16\n"
JavaScript error: https://ad-cdn.technoratimedia.com/html/usersync.html?src=prebid_prebid_3.21.0, line 149: SecurityError: The operation is insecure.
JavaScript error: https://ad-cdn.technoratimedia.com/html/usersync.html?src=prebid_prebid_3.21.0, line 149: SecurityError: The operation is insecure.
JavaScript error: https://ad-cdn.technoratimedia.com/html/usersync.html?src=prebid_prebid_3.21.0, line 149: SecurityError: The operation is insecure.
JavaScript error: https://ad-cdn.technoratimedia.com/html/usersync.html?src=prebid_prebid_3.21.0, line 149: SecurityError: The operation is insecure.
JavaScript error: https://ad-cdn.technoratimedia.com/html/usersync.html?src=prebid_prebid_3.21.0, line 149: SecurityError: The operation is insecure.
1600987866609	Marionette	INFO	Stopped listening on port 65303

###!!! [Child][RunMessage] Error: Channel closing: too late to send/recv, messages will be lost


###!!! [Child][MessageChannel::SendAndWait] Error: Channel error: cannot send/recv

XT'.
JavaScript warning: https://assets.vlitag.com/plugins/cmptcf2/cmp2.js, line 1322: unreachable code after return statement
JavaScript error: https://ad-cdn.technoratimedia.com/html/usersync.html?src=prebid_prebid_3.21.0, line 149: SecurityError: The operation is insecure.
JavaScript error: https://ad-cdn.technoratimedia.com/html/usersync.html?src=prebid_prebid_3.21.0, line 149: SecurityError: The operation is insecure.
JavaScript error: https://ad-cdn.technoratimedia.com/html/usersync.html?src=prebid_prebid_3.21.0, line 149: SecurityError: The operation is insecure.
JavaScript error: https://ad-cdn.technoratimedia.com/html/usersync.html?src=prebid_prebid_3.21.0, line 149: SecurityError: The operation is insecure.
JavaScript error: https://ad-cdn.technoratimedia.com/html/usersync.html?src=prebid_prebid_3.21.0, line 149: SecurityError: The operation is insecure.
JavaScript error: https://ad-cdn.technoratimedia.com/html/usersync.html?src=prebid_prebid_3.21.0, line 149: SecurityError: The operation is insecure.
1600987867780	Marionette	INFO	Stopped listening on port 49216

###!!! [Child][MessageChannel::SendAndWait] Error: Channel error: cannot send/recv

 resource://gre/modules/XULStore.jsm, line 66: Error: Can't find profile directory.
JavaScript warning: https://assets.vlitag.com/plugins/cmptcf2/cmp2.js, line 1322: unreachable code after return statement
Can't find symbol 'eglSwapBuffersWithDamageEXT'.
JavaScript warning: https://assets.vlitag.com/plugins/cmptcf2/cmp2.js, line 1322: unreachable code after return statement
1600987869457	Marionette	INFO	Stopped listening on port 49526

###!!! [Child][RunMessage] Error: Channel closing: too late to send/recv, messages will be lost


###!!! [Child][MessageChannel::SendAndWait] Error: Channel error: cannot send/recv

\\Temp\\rust_mozprofile8Qfp4r"
console.error: SearchCache: "_readCacheFile: Error reading cache file:" (new Error("", "(unknown module)"))
JavaScript error: resource://gre/modules/XULStore.jsm, line 66: Error: Can't find profile directory.
1600987814861	Marionette	INFO	Listening on port 49849
1600987815341	Marionette	WARN	TLS certificate errors will be ignored for this session
JavaScript error: resource://gre/modules/XULStore.jsm, line 66: Error: Can't find profile directory.
JavaScript error: resource://gre/modules/XULStore.jsm, line 66: Error: Can't find profile directory.
JavaScript warning: https://assets.vlitag.com/plugins/cmptcf2/cmp2.js, line 1322: unreachable code after return statement
Can't find symbol 'eglSwapBuffersWithDamageEXT'.
JavaScript warning: https://assets.vlitag.com/plugins/cmptcf2/cmp2.js, line 1322: unreachable code after return statement
1600987870831	Marionette	INFO	Stopped listening on port 49849

###!!! [Child][RunMessage] Error: Channel closing: too late to send/recv, messages will be lost


###!!! [Child][MessageChannel::SendAndWait] Error: Channel error: cannot send/recv

1600987938383	geckodriver	INFO	Listening on 127.0.0.1:50175
1600987941811	mozrunner::runner	INFO	Running command: "C:\\Program Files\\Mozilla Firefox\\firefox.exe" "--marionette" "-foreground" "-no-remote" "-profile" "C:\\Users\\Piotrek\\AppData\\Local\\Temp\\rust_mozprofileY2WZ6A"
JavaScript error: resource://gre/modules/XULStore.jsm, line 66: Error: Can't find profile directory.
console.error: SearchCache: "_readCacheFile: Error reading cache file:" (new Error("", "(unknown module)"))
1600987943190	Marionette	INFO	Listening on port 50185
1600987943416	Marionette	WARN	TLS certificate errors will be ignored for this session
JavaScript error: resource://gre/modules/XULStore.jsm, line 66: Error: Can't find profile directory.
JavaScript error: resource://gre/modules/XULStore.jsm, line 66: Error: Can't find profile directory.
JavaScript warning: https://assets.vlitag.com/plugins/cmptcf2/cmp2.js, line 1322: unreachable code after return statement
Can't find symbol 'eglSwapBuffersWithDamageEXT'.
JavaScript warning: https://assets.vlitag.com/plugins/cmptcf2/cmp2.js, line 1322: unreachable code after return statement
JavaScript error: , line 0: AbortError: The fetching process for the media resource was aborted by the user agent at the user's request.
JavaScript error: , line 0: AbortError: The fetching process for the media resource was aborted by the user agent at the user's request.
JavaScript error: , line 0: AbortError: The fetching process for the media resource was aborted by the user agent at the user's request.
1600987961018	Marionette	INFO	Stopped listening on port 50185

###!!! [Child][RunMessage] Error: Channel closing: too late to send/recv, messages will be lost


###!!! [Child][MessageChannel::SendAndWait] Error: Channel error: cannot send/recv

1600988015390	geckodriver	INFO	Listening on 127.0.0.1:50343
1600988018412	mozrunner::runner	INFO	Running command: "C:\\Program Files\\Mozilla Firefox\\firefox.exe" "--marionette" "-foreground" "-no-remote" "-profile" "C:\\Users\\Piotrek\\AppData\\Local\\Temp\\rust_mozprofileDFs437"
JavaScript error: resource://gre/modules/XULStore.jsm, line 66: Error: Can't find profile directory.
console.error: SearchCache: "_readCacheFile: Error reading cache file:" (new Error("", "(unknown module)"))
1600988019702	Marionette	INFO	Listening on port 50352
1600988019921	Marionette	WARN	TLS certificate errors will be ignored for this session
JavaScript error: resource://gre/modules/XULStore.jsm, line 66: Error: Can't find profile directory.
JavaScript error: resource://gre/modules/XULStore.jsm, line 66: Error: Can't find profile directory.
JavaScript warning: https://assets.vlitag.com/plugins/cmptcf2/cmp2.js, line 1322: unreachable code after return statement
JavaScript warning: https://assets.vlitag.com/plugins/cmptcf2/cmp2.js, line 1322: unreachable code after return statement
Can't find symbol 'eglSwapBuffersWithDamageEXT'.
JavaScript error: https://ad-cdn.technoratimedia.com/html/usersync.html?src=prebid_prebid_3.21.0, line 149: SecurityError: The operation is insecure.
SourceActor threw an exception: [Exception... "Component returned failure code: 0x80470002 (NS_BASE_STREAM_CLOSED) [nsIInputStream.available]"  nsresult: "0x80470002 (NS_BASE_STREAM_CLOSED)"  location: "JS frame :: resource://devtools/shared/DevToolsUtils.js :: onResponse :: line 560"  data: no]
Stack: onResponse@resource://devtools/shared/DevToolsUtils.js:560:34
onStopRequest@resource://gre/modules/NetUtil.jsm:128:18
Line: 560, column: 0
console.error: ({})
JavaScript error: resource://devtools/shared/DevToolsUtils.js, line 560: NS_BASE_STREAM_CLOSED: Component returned failure code: 0x80470002 (NS_BASE_STREAM_CLOSED) [nsIInputStream.available]
SourceActor threw an exception: [Exception... "Component returned failure code: 0x80470002 (NS_BASE_STREAM_CLOSED) [nsIInputStream.available]"  nsresult: "0x80470002 (NS_BASE_STREAM_CLOSED)"  location: "JS frame :: resource://devtools/shared/DevToolsUtils.js :: onResponse :: line 560"  data: no]
Stack: onResponse@resource://devtools/shared/DevToolsUtils.js:560:34
onStopRequest@resource://gre/modules/NetUtil.jsm:128:18
Line: 560, column: 0
console.error: ({})
JavaScript error: resource://devtools/shared/DevToolsUtils.js, line 560: NS_BASE_STREAM_CLOSED: Component returned failure code: 0x80470002 (NS_BASE_STREAM_CLOSED) [nsIInputStream.available]
JavaScript error: https://ad-cdn.technoratimedia.com/html/usersync.html?src=prebid_prebid_3.21.0, line 149: SecurityError: The operation is insecure.
JavaScript error: https://ad-cdn.technoratimedia.com/html/usersync.html?src=prebid_prebid_3.21.0, line 149: SecurityError: The operation is insecure.
[Parent 9396, Gecko_IOThread] WARNING: file /builds/worker/checkouts/gecko/ipc/chromium/src/base/process_util_win.cc, line 166
console.warn: SearchService: "_reInit: abandoning reInit due to shutting down"
console.warn: SearchService: "not saving cache on shutdown due to initializing."
1600988105438	Marionette	INFO	Stopped listening on port 50352

###!!! [Child][RunMessage] Error: Channel closing: too late to send/recv, messages will be lost


###!!! [Child][MessageChannel::SendAndWait] Error: Channel error: cannot send/recv

1600988130858	geckodriver	INFO	Listening on 127.0.0.1:50969
1600988133881	mozrunner::runner	INFO	Running command: "C:\\Program Files\\Mozilla Firefox\\firefox.exe" "--marionette" "-foreground" "-no-remote" "-profile" "C:\\Users\\Piotrek\\AppData\\Local\\Temp\\rust_mozprofile9nLlNr"
console.error: SearchCache: "_readCacheFile: Error reading cache file:" (new Error("", "(unknown module)"))
JavaScript error: resource://gre/modules/XULStore.jsm, line 66: Error: Can't find profile directory.
1600988135527	Marionette	INFO	Listening on port 50978
1600988135891	Marionette	WARN	TLS certificate errors will be ignored for this session
JavaScript error: resource://gre/modules/XULStore.jsm, line 66: Error: Can't find profile directory.
JavaScript error: resource://gre/modules/XULStore.jsm, line 66: Error: Can't find profile directory.
JavaScript warning: https://assets.vlitag.com/plugins/cmptcf2/cmp2.js, line 1322: unreachable code after return statement
Can't find symbol 'eglSwapBuffersWithDamageEXT'.
JavaScript warning: https://assets.vlitag.com/plugins/cmptcf2/cmp2.js, line 1322: unreachable code after return statement
1600988144635	Marionette	INFO	Stopped listening on port 50978

###!!! [Child][RunMessage] Error: Channel closing: too late to send/recv, messages will be lost


###!!! [Child][MessageChannel::SendAndWait] Error: Channel error: cannot send/recv

1600988186063	geckodriver	INFO	Listening on 127.0.0.1:51212
1600988189085	mozrunner::runner	INFO	Running command: "C:\\Program Files\\Mozilla Firefox\\firefox.exe" "--marionette" "-foreground" "-no-remote" "-profile" "C:\\Users\\Piotrek\\AppData\\Local\\Temp\\rust_mozprofilezzvOwy"
JavaScript error: resource://gre/modules/XULStore.jsm, line 66: Error: Can't find profile directory.
console.error: SearchCache: "_readCacheFile: Error reading cache file:" (new Error("", "(unknown module)"))
1600988190620	Marionette	INFO	Listening on port 51221
1600988191093	Marionette	WARN	TLS certificate errors will be ignored for this session
JavaScript error: resource://gre/modules/XULStore.jsm, line 66: Error: Can't find profile directory.
JavaScript error: resource://gre/modules/XULStore.jsm, line 66: Error: Can't find profile directory.
JavaScript warning: https://assets.vlitag.com/plugins/cmptcf2/cmp2.js, line 1322: unreachable code after return statement
Can't find symbol 'eglSwapBuffersWithDamageEXT'.
JavaScript warning: https://assets.vlitag.com/plugins/cmptcf2/cmp2.js, line 1322: unreachable code after return statement
JavaScript error: , line 0: AbortError: The fetching process for the media resource was aborted by the user agent at the user's request.
JavaScript error: , line 0: AbortError: The fetching process for the media resource was aborted by the user agent at the user's request.
JavaScript error: , line 0: AbortError: The fetching process for the media resource was aborted by the user agent at the user's request.
1600988425486	Marionette	INFO	Stopped listening on port 51221

###!!! [Child][RunMessage] Error: Channel closing: too late to send/recv, messages will be lost


###!!! [Child][MessageChannel::SendAndWait] Error: Channel error: cannot send/recv

\\Temp\\rust_mozprofiletOgSjU"
console.error: SearchCache: "_readCacheFile: Error reading cache file:" (new Error("", "(unknown module)"))
JavaScript error: resource://gre/modules/XULStore.jsm, line 66: Error: Can't find profile directory.
1600988214755	Marionette	INFO	Listening on port 51382
1600988215115	Marionette	WARN	TLS certificate errors will be ignored for this session
JavaScript error: resource://gre/modules/XULStore.jsm, line 66: Error: Can't find profile directory.
JavaScript error: resource://gre/modules/XULStore.jsm, line 66: Error: Can't find profile directory.
JavaScript warning: https://assets.vlitag.com/plugins/cmptcf2/cmp2.js, line 1322: unreachable code after return statement
Can't find symbol 'eglSwapBuffersWithDamageEXT'.
JavaScript warning: https://assets.vlitag.com/plugins/cmptcf2/cmp2.js, line 1322: unreachable code after return statement
1600988424278	Marionette	INFO	Stopped listening on port 51382

###!!! [Child][RunMessage] Error: Channel closing: too late to send/recv, messages will be lost


###!!! [Child][MessageChannel::SendAndWait] Error: Channel error: cannot send/recv

1600988591879	geckodriver	INFO	Listening on 127.0.0.1:52203
1600988594903	mozrunner::runner	INFO	Running command: "C:\\Program Files\\Mozilla Firefox\\firefox.exe" "--marionette" "-foreground" "-no-remote" "-profile" "C:\\Users\\Piotrek\\AppData\\Local\\Temp\\rust_mozprofileeocguz"
console.error: SearchCache: "_readCacheFile: Error reading cache file:" (new Error("", "(unknown module)"))
JavaScript error: resource://gre/modules/XULStore.jsm, line 66: Error: Can't find profile directory.
1600988596509	Marionette	INFO	Listening on port 52217
1600988596909	Marionette	WARN	TLS certificate errors will be ignored for this session
JavaScript error: resource://gre/modules/XULStore.jsm, line 66: Error: Can't find profile directory.
JavaScript error: resource://gre/modules/XULStore.jsm, line 66: Error: Can't find profile directory.
Can't find symbol 'eglSwapBuffersWithDamageEXT'.
1600988617011	Marionette	INFO	Stopped listening on port 52211600988618524	mozrunner::runner	INFO	Running command: "C:\\Program Files\\Mozilla Firefox\\firefox.exe" "--marionette" "-foreground" "-no-remote" "-profile" "C:\\Users\\Piotrek\\AppData\\Local\\Temp\\rust_mozprofileed7nVF"
JavaScript error: resource://gre/modules/XULStore.jsm, line 66: Error: Can't find profile directory.
console.error: SearchCache: "_readCacheFile: Error reading cache file:" (new Error("", "(unknown module)"))
1600988619852	Marionette	INFO	Listening on port 52313
1600988620031	Marionette	WARN	TLS certificate errors will be ignored for this session
JavaScript error: resource://gre/modules/XULStore.jsm, line 66: Error: Can't find profile directory.
JavaScript error: resource://gre/modules/XULStore.jsm, line 66: Error: Can't find profile directory.
Can't find symbol 'eglSwapBuffersWithDamageEXT'.
1600988680719	Marionette	INFO	Stopped listening on port 52313

###!!! [Child][RunMessage] Error: Channel closing: too late to send/recv, messages will be lost


###!!! [Child][MessageChannel::SendAndWait] Error: Channel error: cannot send/recv

\\Temp\\rust_mozprofileSQg2FO"
console.error: SearchCache: "_readCacheFile: Error reading cache file:" (new Error("", "(unknown module)"))
JavaScript error: resource://gre/modules/XULStore.jsm, line 66: Error: Can't find profile directory.
1600988646234	Marionette	INFO	Listening on port 52412
1600988646642	Marionette	WARN	TLS certificate errors will be ignored for this session
JavaScript error: resource://gre/modules/XULStore.jsm, line 66: Error: Can't find profile directory.
JavaScript error: resource://gre/modules/XULStore.jsm, line 66: Error: Can't find profile directory.
1600988679788	Marionette	INFO	Stopped listening on port 52412

###!!! [Child][RunMessage] Error: Channel closing: too late to send/recv, messages will be lost


###!!! [Child][MessageChannel::SendAndWait] Error: Channel error: cannot send/recv

\\Temp\\rust_mozprofilefn7tQi"
JavaScript error: resource://gre/modules/XULStore.jsm, line 66: Error: Can't find profile directory.
console.error: SearchCache: "_readCacheFile: Error reading cache file:" (new Error("", "(unknown module)"))
1600988676999	Marionette	INFO	Listening on port 52504
1600988677447	Marionette	WARN	TLS certificate errors will be ignored for this session
JavaScript error: resource://gre/modules/XULStore.jsm, line 66: Error: Can't find profile directory.
JavaScript error: resource://gre/modules/XULStore.jsm, line 66: Error: Can't find profile directory.
1600988727138	Marionette	INFO	Stopped listening on port 52504

###!!! [Child][RunMessage] Error: Channel closing: too late to send/recv, messages will be lost


###!!! [Child][MessageChannel::SendAndWait] Error: Channel error: cannot send/recv

\\Temp\\rust_mozprofileGjCAiK"
JavaScript error: resource://gre/modules/XULStore.jsm, line 66: Error: Can't find profile directory.
console.error: SearchCache: "_readCacheFile: Error reading cache file:" (new Error("", "(unknown module)"))
1600988715881	Marionette	INFO	Listening on port 52605
1600988715955	Marionette	WARN	TLS certificate errors will be ignored for this session
JavaScript error: resource://gre/modules/XULStore.jsm, line 66: Error: Can't find profile directory.
JavaScript error: resource://gre/modules/XULStore.jsm, line 66: Error: Can't find profile directory.
1600988725356	Marionette	INFO	Stopped listening on port 52605

###!!! [Child][RunMessage] Error: Channel closing: too late to send/recv, messages will be lost


###!!! [Child][MessageChannel::SendAndWait] Error: Channel error: cannot send/recv

1600988728593	geckodriver	INFO	Listening on 127.0.0.1:52672
1600988731613	mozrunner::runner	INFO	Running command: "C:\\Program Files\\Mozilla Firefox\\firefox.exe" "--marionette" "-foreground" "-no-remote" "-profile" "C:\\Users\\Piotrek\\AppData\\Local\\Temp\\rust_mozprofilelPD05d"
JavaScript error: resource://gre/modules/XULStore.jsm, line 66: Error: Can't find profile directory.
console.error: SearchCache: "_readCacheFile: Error reading cache file:" (new Error("", "(unknown module)"))
1600988733021	Marionette	INFO	Listening on port 52683
1600988733122	Marionette	WARN	TLS certificate errors will be ignored for this session
JavaScript error: resource://gre/modules/XULStore.jsm, line 66: Error: Can't find profile directory.
JavaScript error: resource://gre/modules/XULStore.jsm, line 66: Error: Can't find profile directory.
1600989393491	Marionette	INFO	Stopped listening on port 52683

###!!! [Child][RunMessage] Error: Channel closing: too late to send/recv, messages will be lost


###!!! [Child][MessageChannel::SendAndWait] Error: Channel error: cannot send/recv

\\Temp\\rust_mozprofileXB8yrP"
console.error: SearchCache: "_readCacheFile: Error reading cache file:" (new Error("", "(unknown module)"))
JavaScript error: resource://gre/modules/XULStore.jsm, line 66: Error: Can't find profile directory.
1600988828955	Marionette	INFO	Listening on port 52833
1600988829038	Marionette	WARN	TLS certificate errors will be ignored for this session
JavaScript error: resource://gre/modules/XULStore.jsm, line 66: Error: Can't find profile directory.
JavaScript error: resource://gre/modules/XULStore.jsm, line 66: Error: Can't find profile directory.
1600989379969	Marionette	INFO	Stopped listening on port 52833

###!!! [Child][RunMessage] Error: Channel closing: too late to send/recv, messages will be lost


###!!! [Child][MessageChannel::SendAndWait] Error: Channel error: cannot send/recv

\\Temp\\rust_mozprofile8INVzN"
JavaScript error: resource://gre/modules/XULStore.jsm, line 66: Error: Can't find profile directory.
console.error: SearchCache: "_readCacheFile: Error reading cache file:" (new Error("", "(unknown module)"))
1600989281385	Marionette	INFO	Listening on port 53350
1600989281425	Marionette	WARN	TLS certificate errors will be ignored for this session
JavaScript error: resource://gre/modules/XULStore.jsm, line 66: Error: Can't find profile directory.
JavaScript error: resource://gre/modules/XULStore.jsm, line 66: Error: Can't find profile directory.
1600989283829	Marionette	INFO	Stopped listening on port 53350

###!!! [Child][RunMessage] Error: Channel closing: too late to send/recv, messages will be lost


###!!! [Child][MessageChannel::SendAndWait] Error: Channel error: cannot send/recv

1600989382759	geckodriver	INFO	Listening on 127.0.0.1:53502
1600989385778	mozrunner::runner	INFO	Running command: "C:\\Program Files\\Mozilla Firefox\\firefox.exe" "--marionette" "-foreground" "-no-remote" "-profile" "C:\\Users\\Piotrek\\AppData\\Local\\Temp\\rust_mozprofileRUcnC4"
JavaScript error: resource://gre/modules/XULStore.jsm, line 66: Error: Can't find profile directory.
console.error: SearchCache: "_readCacheFile: Error reading cache file:" (new Error("", "(unknown module)"))
1600989387153	Marionette	INFO	Listening on port 53515
1600989387284	Marionette	WARN	TLS certificate errors will be ignored for this session
JavaScript error: resource://gre/modules/XULStore.jsm, line 66: Error: Can't find profile directory.
JavaScript error: resource://gre/modules/XULStore.jsm, line 66: Error: Can't find profile directory.
1600989389598	Marionette	INFO	Stopped listening on port 53515

###!!! [Child][MessageChannel::SendAndWait] Error: Channel error: cannot send/recv

1600989506479	geckodriver	INFO	Listening on 127.0.0.1:53688
1600989509502	mozrunner::runner	INFO	Running command: "C:\\Program Files\\Mozilla Firefox\\firefox.exe" "--marionette" "-foreground" "-no-remote" "-profile" "C:\\Users\\Piotrek\\AppData\\Local\\Temp\\rust_mozprofileDFfi3E"
JavaScript error: resource://gre/modules/XULStore.jsm, line 66: Error: Can't find profile directory.
console.error: SearchCache: "_readCacheFile: Error reading cache file:" (new Error("", "(unknown module)"))
1600989510826	Marionette	INFO	Listening on port 53699
1600989511010	Marionette	WARN	TLS certificate errors will be ignored for this session
1600989514008	Marionette	INFO	Stopped listening on port 53699

###!!! [Child][RunMessage] Error: Channel closing: too late to send/recv, messages will be lost


###!!! [Child][MessageChannel::SendAndWait] Error: Channel error: cannot send/recv

1600989787930	geckodriver	INFO	Listening on 127.0.0.1:54036
1600989790951	mozrunner::runner	INFO	Running command: "C:\\Program Files\\Mozilla Firefox\\firefox.exe" "--marionette" "-foreground" "-no-remote" "-profile" "C:\\Users\\Piotrek\\AppData\\Local\\Temp\\rust_mozprofileMOjxt2"
JavaScript error: resource://gre/modules/XULStore.jsm, line 66: Error: Can't find profile directory.
console.error: SearchCache: "_readCacheFile: Error reading cache file:" (new Error("", "(unknown module)"))
1600989792236	Marionette	INFO	Listening on port 54046
1600989792454	Marionette	WARN	TLS certificate errors will be ignored for this session
JavaScript error: https://secure.quantserve.com/quant.js, line 2: NS_ERROR_UNEXPECTED: 
1600989795332	Marionette	INFO	Stopped listening on port 54046

###!!! [Child][RunMessage] Error: Channel closing: too late to send/recv, messages will be lost


###!!! [Child][MessageChannel::SendAndWait] Error: Channel error: cannot send/recv

1600990108332	geckodriver	INFO	Listening on 127.0.0.1:54543
1600990111353	mozrunner::runner	INFO	Running command: "C:\\Program Files\\Mozilla Firefox\\firefox.exe" "--marionette" "-foreground" "-no-remote" "-profile" "C:\\Users\\Piotrek\\AppData\\Local\\Temp\\rust_mozprofileCRsE4H"
JavaScript error: resource://gre/modules/XULStore.jsm, line 66: Error: Can't find profile directory.
console.error: SearchCache: "_readCacheFile: Error reading cache file:" (new Error("", "(unknown module)"))
1600990112788	Marionette	INFO	Listening on port 54554
1600990112862	Marionette	WARN	TLS certificate errors will be ignored for this session
1600990115752	Marionette	INFO	Stopped listening on port 54554

###!!! [Child][RunMessage] Error: Channel closing: too late to send/recv, messages will be lost


###!!! [Child][MessageChannel::SendAndWait] Error: Channel error: cannot send/recv

1600990491558	geckodriver	INFO	Listening on 127.0.0.1:55019
1600990494578	mozrunner::runner	INFO	Running command: "C:\\Program Files\\Mozilla Firefox\\firefox.exe" "--marionette" "-foreground" "-no-remote" "-profile" "C:\\Users\\Piotrek\\AppData\\Local\\Temp\\rust_mozprofileVfpD7o"
JavaScript error: resource://gre/modules/XULStore.jsm, line 66: Error: Can't find profile directory.
console.error: SearchCache: "_readCacheFile: Error reading cache file:" (new Error("", "(unknown module)"))
1600990495909	Marionette	INFO	Listening on port 55029
1600990496091	Marionette	WARN	TLS certificate errors will be ignored for this session
JavaScript error: https://secure.quantserve.com/quant.js, line 2: NS_ERROR_UNEXPECTED: 
1600990498902	Marionette	INFO	Stopped listening on port 55029

###!!! [Child][RunMessage] Error: Channel closing: too late to send/recv, messages will be lost


###!!! [Child][MessageChannel::SendAndWait] Error: Channel error: cannot send/recv

1600990527964	geckodriver	INFO	Listening on 127.0.0.1:55143
1600990530984	mozrunner::runner	INFO	Running command: "C:\\Program Files\\Mozilla Firefox\\firefox.exe" "--marionette" "-foreground" "-no-remote" "-profile" "C:\\Users\\Piotrek\\AppData\\Local\\Temp\\rust_mozprofilehFbBBi"
JavaScript error: resource://gre/modules/XULStore.jsm, line 66: Error: Can't find profile directory.
console.error: SearchCache: "_readCacheFile: Error reading cache file:" (new Error("", "(unknown module)"))
1600990532236	Marionette	INFO	Listening on port 55153
1600990532492	Marionette	WARN	TLS certificate errors will be ignored for this session
JavaScript error: https://secure.quantserve.com/quant.js, line 2: NS_ERROR_UNEXPECTED: 
1600990535346	Marionette	INFO	Stopped listening on port 55153

###!!! [Child][RunMessage] Error: Channel closing: too late to send/recv, messages will be lost


###!!! [Child][MessageChannel::SendAndWait] Error: Channel error: cannot send/recv

1600990721238	geckodriver	INFO	Listening on 127.0.0.1:55431
1600990724253	mozrunner::runner	INFO	Running command: "C:\\Program Files\\Mozilla Firefox\\firefox.exe" "--marionette" "-foreground" "-no-remote" "-profile" "C:\\Users\\Piotrek\\AppData\\Local\\Temp\\rust_mozprofileQJQQWF"
JavaScript error: resource://gre/modules/XULStore.jsm, line 66: Error: Can't find profile directory.
console.error: SearchCache: "_readCacheFile: Error reading cache file:" (new Error("", "(unknown module)"))
1600990725617	Marionette	INFO	Listening on port 55442
1600990725757	Marionette	WARN	TLS certificate errors will be ignored for this session
JavaScript error: https://secure.quantserve.com/quant.js, line 2: NS_ERROR_UNEXPECTED: 
console.warn: LoginRecipes: "getRecipes: falling back to a synchronous message for:" "https://www.instagram.com"
1600991139167	Marionette	INFO	Stopped listening on port 55442

###!!! [Child][RunMessage] Error: Channel closing: too late to send/recv, messages will be lost


###!!! [Child][MessageChannel::SendAndWait] Error: Channel error: cannot send/recv

\\Temp\\rust_mozprofileho44D0"
JavaScript error: resource://gre/modules/XULStore.jsm, line 66: Error: Can't find profile directory.
console.error: SearchCache: "_readCacheFile: Error reading cache file:" (new Error("", "(unknown module)"))
1600990772275	Marionette	INFO	Listening on port 55579
1600990772474	Marionette	WARN	TLS certificate errors will be ignored for this session
1600991140764	Marionette	INFO	Stopped listening on port 55579

###!!! [Child][RunMessage] Error: Channel closing: too late to send/recv, messages will be lost


###!!! [Child][MessageChannel::SendAndWait] Error: Channel error: cannot send/recv

1600991238995	geckodriver	INFO	Listening on 127.0.0.1:56298
1600991242021	mozrunner::runner	INFO	Running command: "C:\\Program Files\\Mozilla Firefox\\firefox.exe" "--marionette" "-foreground" "-no-remote" "-profile" "C:\\Users\\Piotrek\\AppData\\Local\\Temp\\rust_mozprofileVY4o0Q"
console.error: SearchCache: "_readCacheFile: Error reading cache file:" (new Error("", "(unknown module)"))
JavaScript error: resource://gre/modules/XULStore.jsm, line 66: Error: Can't find profile directory.
1600991243688	Marionette	INFO	Listening on port 56310
1600991244028	Marionette	WARN	TLS certificate errors will be ignored for this session
Can't find symbol 'eglSwapBuffersWithDamageEXT'.
IPDL protocol error: Handler returned error code!

###!!! [Parent][DispatchAsyncMessage] Error: PLayerTransaction::Msg_ReleaseLayer Processing error: message was deserialized, but the handler returned false (indicating failure)

IPDL protocol error: Handler returned error code!

###!!! [Parent][DispatchAsyncMessage] Error: PLayerTransaction::Msg_ReleaseLayer Processing error: message was deserialized, but the handler returned false (indicating failure)

IPDL protocol error: Handler returned error code!

###!!! [Parent][DispatchAsyncMessage] Error: PLayerTransaction::Msg_ReleaseLayer Processing error: message was deserialized, but the handler returned false (indicating failure)

IPDL protocol error: Handler returned error code!

###!!! [Parent][DispatchAsyncMessage] Error: PLayerTransaction::Msg_ReleaseLayer Processing error: message was deserialized, but the handler returned false (indicating failure)

IPDL protocol error: Handler returned error code!

###!!! [Parent][DispatchAsyncMessage] Error: PLayerTransaction::Msg_ReleaseLayer Processing error: message was deserialized, but the handler returned false (indicating failure)


###!!! [Child][RunMessage] Error: Channel closing: too late to send/recv, messages will be lost

1600991272130	Marionette	INFO	Stopped listening on port 56310

###!!! [Child][RunMessage] Error: Channel closing: too late to send/recv, messages will be lost


###!!! [Child][MessageChannel::SendAndWait] Error: Channel error: cannot send/recv

1600991284614	geckodriver	INFO	Listening on 127.0.0.1:56455
1600991287644	mozrunner::runner	INFO	Running command: "C:\\Program Files\\Mozilla Firefox\\firefox.exe" "--marionette" "-foreground" "-no-remote" "-profile" "C:\\Users\\Piotrek\\AppData\\Local\\Temp\\rust_mozprofileiosFpQ"
JavaScript error: resource://gre/modules/XULStore.jsm, line 66: Error: Can't find profile directory.
console.error: SearchCache: "_readCacheFile: Error reading cache file:" (new Error("", "(unknown module)"))
1600991289582	Marionette	INFO	Listening on port 56467
1600991289650	Marionette	WARN	TLS certificate errors will be ignored for this session
Can't find symbol 'eglSwapBuffersWithDamageEXT'.
IPDL protocol error: Handler returned error code!

###!!! [Parent][DispatchAsyncMessage] Error: PLayerTransaction::Msg_ReleaseLayer Processing error: message was deserialized, but the handler returned false (indicating failure)

IPDL protocol error: Handler returned error code!

###!!! [Parent][DispatchAsyncMessage] Error: PLayerTransaction::Msg_ReleaseLayer Processing error: message was deserialized, but the handler returned false (indicating failure)

IPDL protocol error: Handler returned error code!

###!!! [Parent][DispatchAsyncMessage] Error: PLayerTransaction::Msg_ReleaseLayer Processing error: message was deserialized, but the handler returned false (indicating failure)

IPDL protocol error: Handler returned error code!

###!!! [Parent][DispatchAsyncMessage] Error: PLayerTransaction::Msg_ReleaseLayer Processing error: message was deserialized, but the handler returned false (indicating failure)

IPDL protocol error: Handler returned error code!

###!!! [Parent][DispatchAsyncMessage] Error: PLayerTransaction::Msg_ReleaseLayer Processing error: message was deserialized, but the handler returned false (indicating failure)

IPDL protocol error: Handler returned error code!

###!!! [Parent][DispatchAsyncMessage] Error: PLayerTransaction::Msg_ReleaseLayer Processing error: message was deserialized, but the handler returned false (indicating failure)

IPDL protocol error: Handler returned error code!

###!!! [Parent][DispatchAsyncMessage] Error: PLayerTransaction::Msg_ReleaseLayer Processing error: message was deserialized, but the handler returned false (indicating failure)

IPDL protocol error: Handler returned error code!

###!!! [Parent][DispatchAsyncMessage] Error: PLayerTransaction::Msg_ReleaseLayer Processing error: message was deserialized, but the handler returned false (indicating failure)

IPDL protocol error: Handler returned error code!

###!!! [Parent][DispatchAsyncMessage] Error: PLayerTransaction::Msg_ReleaseLayer Processing error: message was deserialized, but the handler returned false (indicating failure)

IPDL protocol error: Handler returned error code!

###!!! [Parent][DispatchAsyncMessage] Error: PLayerTransaction::Msg_ReleaseLayer Processing error: message was deserialized, but the handler returned false (indicating failure)

IPDL protocol error: Handler returned error code!

###!!! [Parent][DispatchAsyncMessage] Error: PLayerTransaction::Msg_ReleaseLayer Processing error: message was deserialized, but the handler returned false (indicating failure)

IPDL protocol error: Handler returned error code!

###!!! [Parent][DispatchAsyncMessage] Error: PLayerTransaction::Msg_ReleaseLayer Processing error: message was deserialized, but the handler returned false (indicating failure)

IPDL protocol error: Handler returned error code!

###!!! [Parent][DispatchAsyncMessage] Error: PLayerTransaction::Msg_ReleaseLayer Processing error: message was deserialized, but the handler returned false (indicating failure)

IPDL protocol error: Handler returned error code!

###!!! [Parent][DispatchAsyncMessage] Error: PLayerTransaction::Msg_ReleaseLayer Processing error: message was deserialized, but the handler returned false (indicating failure)

IPDL protocol error: Handler returned error code!

###!!! [Parent][DispatchAsyncMessage] Error: PLayerTransaction::Msg_ReleaseLayer Processing error: message was deserialized, but the handler returned false (indicating failure)

IPDL protocol error: Handler returned error code!

###!!! [Parent][DispatchAsyncMessage] Error: PLayerTransaction::Msg_ReleaseLayer Processing error: message was deserialized, but the handler returned false (indicating failure)

IPDL protocol error: Handler returned error code!

###!!! [Parent][DispatchAsyncMessage] Error: PLayerTransaction::Msg_ReleaseLayer Processing error: message was deserialized, but the handler returned false (indicating failure)

IPDL protocol error: Handler returned error code!

###!!! [Parent][DispatchAsyncMessage] Error: PLayerTransaction::Msg_ReleaseLayer Processing error: message was deserialized, but the handler returned false (indicating failure)

IPDL protocol error: Handler returned error code!

###!!! [Parent][DispatchAsyncMessage] Error: PLayerTransaction::Msg_ReleaseLayer Processing error: message was deserialized, but the handler returned false (indicating failure)

IPDL protocol error: Handler returned error code!

###!!! [Parent][DispatchAsyncMessage] Error: PLayerTransaction::Msg_ReleaseLayer Processing error: message was deserialized, but the handler returned false (indicating failure)

IPDL protocol error: Handler returned error code!

###!!! [Parent][DispatchAsyncMessage] Error: PLayerTransaction::Msg_ReleaseLayer Processing error: message was deserialized, but the handler returned false (indicating failure)

IPDL protocol error: Handler returned error code!

###!!! [Parent][DispatchAsyncMessage] Error: PLayerTransaction::Msg_ReleaseLayer Processing error: message was deserialized, but the handler returned false (indicating failure)

IPDL protocol error: Handler returned error code!

###!!! [Parent][DispatchAsyncMessage] Error: PLayerTransaction::Msg_ReleaseLayer Processing error: message was deserialized, but the handler returned false (indicating failure)

IPDL protocol error: Handler returned error code!

###!!! [Parent][DispatchAsyncMessage] Error: PLayerTransaction::Msg_ReleaseLayer Processing error: message was deserialized, but the handler returned false (indicating failure)

IPDL protocol error: Handler returned error code!

###!!! [Parent][DispatchAsyncMessage] Error: PLayerTransaction::Msg_ReleaseLayer Processing error: message was deserialized, but the handler returned false (indicating failure)


###!!! [Child][RunMessage] Error: Channel closing: too late to send/recv, messages will be lost


###!!! [Child][RunMessage] Error: Channel closing: too late to send/recv, messages will be lost

1600991538332	Marionette	INFO	Stopped listening on port 56467

###!!! [Child][RunMessage] Error: Channel closing: too late to send/recv, messages will be lost


###!!! [Child][MessageChannel::SendAndWait] Error: Channel error: cannot send/recv

1600991648295	geckodriver	INFO	Listening on 127.0.0.1:57288
1600991651316	mozrunner::runner	INFO	Running command: "C:\\Program Files\\Mozilla Firefox\\firefox.exe" "--marionette" "-foreground" "-no-remote" "-profile" "C:\\Users\\Piotrek\\AppData\\Local\\Temp\\rust_mozprofileIapNj4"
JavaScript error: resource://gre/modules/XULStore.jsm, line 66: Error: Can't find profile directory.
console.error: SearchCache: "_readCacheFile: Error reading cache file:" (new Error("", "(unknown module)"))
1600991652648	Marionette	INFO	Listening on port 57299
1600991652824	Marionette	WARN	TLS certificate errors will be ignored for this session
Can't find symbol 'eglSwapBuffersWithDamageEXT'.
1600991660993	Marionette	INFO	Stopped listening on port 57299

###!!! [Child][RunMessage] Error: Channel closing: too late to send/recv, messages will be lost


###!!! [Child][MessageChannel::SendAndWait] Error: Channel error: cannot send/recv

1600992093027	geckodriver	INFO	Listening on 127.0.0.1:57848
1600992096048	mozrunner::runner	INFO	Running command: "C:\\Program Files\\Mozilla Firefox\\firefox.exe" "--marionette" "-foreground" "-no-remote" "-profile" "C:\\Users\\Piotrek\\AppData\\Local\\Temp\\rust_mozprofile1hecGM"
JavaScript error: resource://gre/modules/XULStore.jsm, line 66: Error: Can't find profile directory.
console.error: SearchCache: "_readCacheFile: Error reading cache file:" (new Error("", "(unknown module)"))
1600992097318	Marionette	INFO	Listening on port 57859
1600992097556	Marionette	WARN	TLS certificate errors will be ignored for this session
Can't find symbol 'eglSwapBuffersWithDamageEXT'.
1600992109545	Marionette	INFO	Stopped listening on port 57859
IPDL protocol error: Handler returned error code!

###!!! [Parent][DispatchAsyncMessage] Error: PLayerTransaction::Msg_ReleaseLayer Processing error: message was deserialized, but the handler returned false (indicating failure)

IPDL protocol error: Handler returned error code!

###!!! [Parent][DispatchAsyncMessage] Error: PLayerTransaction::Msg_ReleaseLayer Processing error: message was deserialized, but the handler returned false (indicating failure)


###!!! [Child][RunMessage] Error: Channel closing: too late to send/recv, messages will be lost


###!!! [Child][MessageChannel::SendAndWait] Error: Channel error: cannot send/recv

1600992128118	geckodriver	INFO	Listening on 127.0.0.1:58057
1600992131139	mozrunner::runner	INFO	Running command: "C:\\Program Files\\Mozilla Firefox\\firefox.exe" "--marionette" "-foreground" "-no-remote" "-profile" "C:\\Users\\Piotrek\\AppData\\Local\\Temp\\rust_mozprofileyf3tf3"
JavaScript error: resource://gre/modules/XULStore.jsm, line 66: Error: Can't find profile directory.
console.error: SearchCache: "_readCacheFile: Error reading cache file:" (new Error("", "(unknown module)"))
1600992132450	Marionette	INFO	Listening on port 58068
1600992132645	Marionette	WARN	TLS certificate errors will be ignored for this session
Can't find symbol 'eglSwapBuffersWithDamageEXT'.
1600992144315	Marionette	INFO	Stopped listening on port 58068
IPDL protocol error: Handler returned error code!

###!!! [Parent][DispatchAsyncMessage] Error: PLayerTransaction::Msg_ReleaseLayer Processing error: message was deserialized, but the handler returned false (indicating failure)


###!!! [Child][RunMessage] Error: Channel closing: too late to send/recv, messages will be lost


###!!! [Child][MessageChannel::SendAndWait] Error: Channel error: cannot send/recv

1600992265285	geckodriver	INFO	Listening on 127.0.0.1:58374
1600992268307	mozrunner::runner	INFO	Running command: "C:\\Program Files\\Mozilla Firefox\\firefox.exe" "--marionette" "-foreground" "-no-remote" "-profile" "C:\\Users\\Piotrek\\AppData\\Local\\Temp\\rust_mozprofilefpMHYD"
JavaScript error: resource://gre/modules/XULStore.jsm, line 66: Error: Can't find profile directory.
console.error: SearchCache: "_readCacheFile: Error reading cache file:" (new Error("", "(unknown module)"))
1600992269728	Marionette	INFO	Listening on port 58384
1600992269820	Marionette	WARN	TLS certificate errors will be ignored for this session
JavaScript error: , line 0: uncaught exception: null
JavaScript error: , line 0: AbortError: A request was aborted, for example through a call to IDBTransaction.abort.
JavaScript error: , line 0: uncaught exception: null
1600992516347	Marionette	INFO	Stopped listening on port 58384

###!!! [Child][RunMessage] Error: Channel closing: too late to send/recv, messages will be lost


###!!! [Child][MessageChannel::SendAndWait] Error: Channel error: cannot send/recv

known module)"))
1600992314068	Marionette	INFO	Listening on port 58468
1600992314209	Marionette	WARN	TLS certificate errors will be ignored for this session
1600992326712	Marionette	INFO	Stopped listening on port 58468

###!!! [Child][RunMessage] Error: Channel closing: too late to send/recv, messages will be lost


###!!! [Child][MessageChannel::SendAndWait] Error: Channel error: cannot send/recv

1600992345903	geckodriver	INFO	Listening on 127.0.0.1:58533
1600992348925	mozrunner::runner	INFO	Running command: "C:\\Program Files\\Mozilla Firefox\\firefox.exe" "--marionette" "-foreground" "-no-remote" "-profile" "C:\\Users\\Piotrek\\AppData\\Local\\Temp\\rust_mozprofileoMB9OD"
JavaScript error: resource://gre/modules/XULStore.jsm, line 66: Error: Can't find profile directory.
console.error: SearchCache: "_readCacheFile: Error reading cache file:" (new Error("", "(unknown module)"))
1600992350265	Marionette	INFO	Listening on port 58545
1600992350431	Marionette	WARN	TLS certificate errors will be ignored for this session
1600992517643	Marionette	INFO	Stopped listening on port 58545

###!!! [Child][RunMessage] Error: Channel closing: too late to send/recv, messages will be lost


###!!! [Child][MessageChannel::SendAndWait] Error: Channel error: cannot send/recv

\\Temp\\rust_mozprofileTMXMTk"
JavaScript error: resource://gre/modules/XULStore.jsm, line 66: Error: Can't find profile directory.
console.error: SearchCache: "_readCacheFile: Error reading cache file:" (new Error("", "(unknown module)"))
1600992388161	Marionette	INFO	Listening on port 58623
1600992388234	Marionette	WARN	TLS certificate errors will be ignored for this session
1600992519026	Marionette	INFO	Stopped listening on port 58623

###!!! [Child][RunMessage] Error: Channel closing: too late to send/recv, messages will be lost


###!!! [Child][MessageChannel::SendAndWait] Error: Channel error: cannot send/recv

\\Temp\\rust_mozprofile90OipD"
JavaScript error: resource://gre/modules/XULStore.jsm, line 66: Error: Can't find profile directory.
console.error: SearchCache: "_readCacheFile: Error reading cache file:" (new Error("", "(unknown module)"))
1600992447178	Marionette	INFO	Listening on port 58724
1600992447351	Marionette	WARN	TLS certificate errors will be ignored for this session
JavaScript error: , line 0: uncaught exception: Object
1600992519933	Marionette	INFO	Stopped listening on port 58724

###!!! [Child][RunMessage] Error: Channel closing: too late to send/recv, messages will be lost


###!!! [Child][MessageChannel::SendAndWait] Error: Channel error: cannot send/recv

e://gre/modules/XULStore.jsm, line 66: Error: Can't find profile directory.
console.error: SearchCache: "_readCacheFile: Error reading cache file:" (new Error("", "(unknown module)"))
JavaScript error: , line 0: QuotaExceededError: The current transaction exceeded its quota limitations.
JavaScript error: resource://gre/modules/PlacesUtils.jsm, line 1974: NS_ERROR_UNEXPECTED: Component returned failure code: 0x8000ffff (NS_ERROR_UNEXPECTED) [nsINavBookmarksService.tagsFolder]
console.log: "RemoteSettingsWorker error: QuotaExceededError: IndexedDB:  execute() The current transaction exceeded its quota limitations."
1600992504729	Marionette	INFO	Listening on port 58831
JavaScript error: resource://gre/modules/PlacesUtils.jsm, line 1974: NS_ERROR_UNEXPECTED: Component returned failure code: 0x8000ffff (NS_ERROR_UNEXPECTED) [nsINavBookmarksService.tagsFolder]
JavaScript error: resource://gre/modules/PlacesUtils.jsm, line 1974: NS_ERROR_UNEXPECTED: Component returned failure code: 0x8000ffff (NS_ERROR_UNEXPECTED) [nsINavBookmarksService.tagsFolder]
JavaScript error: resource://gre/modules/PlacesUtils.jsm, line 1974: NS_ERROR_UNEXPECTED: Component returned failure code: 0x8000ffff (NS_ERROR_UNEXPECTED) [nsINavBookmarksService.tagsFolder]
1600992504790	Marionette	WARN	TLS certificate errors will be ignored for this session
JavaScript error: , line 0: QuotaExceededError: The current transaction exceeded its quota limitations.
ConvertWinError received an unrecognized WinError: 0x70
ConvertWinError received an unrecognized WinError: 0x70
ConvertWinError received an unrecognized WinError: 0x70
ConvertWinError received an unrecognized WinError: 0x70
ConvertWinError received an unrecognized WinError: 0x70
ConvertWinError received an unrecognized WinError: 0x70
ConvertWinError received an unrecognized WinError: 0x70
ConvertWinError received an unrecognized WinError: 0x70
ConvertWinError received an unrecognized WinError: 0x70
ConvertWinError received an unrecognized WinError: 0x70
ConvertWinError received an unrecognized WinError: 0x70
ConvertWinError received an unrecognized WinError: 0x70
ConvertWinError received an unrecognized WinError: 0x70
ConvertWinError received an unrecognized WinError: 0x70
ConvertWinError received an unrecognized WinError: 0x70
JavaScript error: , line 0: NS_ERROR_FILE_NO_DEVICE_SPACE
JavaScript error: , line 0: QuotaExceededError: The current transaction exceeded its quota limitations.
ConvertWinError received an unrecognized WinError: 0x70
ConvertWinError received an unrecognized WinError: 0x70
ConvertWinError received an unrecognized WinError: 0x70
ConvertWinError received an unrecognized WinError: 0x70
console.error: SearchCache: "_buildCache: Could not write to cache file:" (new Error("", "(unknown module)"))
ConvertWinError received an unrecognized WinError: 0x70
ConvertWinError received an unrecognized WinError: 0x70
ConvertWinError received an unrecognized WinError: 0x70
ConvertWinError received an unrecognized WinError: 0x70
ConvertWinError received an unrecognized WinError: 0x70
JavaScript error: resource://gre/modules/NewTabUtils.jsm, line 1442: TypeError: conn is undefined
ConvertWinError received an unrecognized WinError: 0x70
ConvertWinError received an unrecognized WinError: 0x70
ConvertWinError received an unrecognized WinError: 0x70
ConvertWinError received an unrecognized WinError: 0x70
console.error: "Could not write session state file " (new Error("", "(unknown module)")) ""
JavaScript error: resource://gre/modules/Sqlite.jsm, line 894: Error: Error(s) encountered during statement execution: database or disk is full
ConvertWinError received an unrecognized WinError: 0x70
ConvertWinError received an unrecognized WinError: 0x70
1600992511502	Marionette	INFO	Stopped listening on port 58831

###!!! [Child][RunMessage] Error: Channel closing: too late to send/recv, messages will be lost


###!!! [Child][MessageChannel::SendAndWait] Error: Channel error: cannot send/recv

1600992612923	geckodriver	INFO	Listening on 127.0.0.1:58973
1600992615945	mozrunner::runner	INFO	Running command: "C:\\Program Files\\Mozilla Firefox\\firefox.exe" "--marionette" "-foreground" "-no-remote" "-profile" "C:\\Users\\Piotrek\\AppData\\Local\\Temp\\rust_mozprofilebJWk3Q"
JavaScript error: , line 0: QuotaExceededError: The current transaction exceeded its quota limitations.
JavaScript error: resource://gre/modules/XULStore.jsm, line 66: Error: Can't find profile directory.
console.error: SearchCache: "_readCacheFile: Error reading cache file:" (new Error("", "(unknown module)"))
JavaScript error: , line 0: uncaught exception: Object
JavaScript error: , line 0: UnknownError: The operation failed for reasons unrelated to the database itself and not covered by any other error code.
console.error: (new Error("Error(s) encountered during statement execution: database or disk is full", "resource://gre/modules/Sqlite.jsm", 894))
JavaScript error: , line 0: UnknownError: The operation failed for reasons unrelated to the database itself and not covered by any other error code.
JavaScript error: resource://gre/modules/Sqlite.jsm, line 894: Error: Error(s) encountered during statement execution: database or disk is full
JavaScript error: resource://gre/modules/Sqlite.jsm, line 894: Error: Error(s) encountered during statement execution: database or disk is full
ConvertWinError received an unrecognized WinError: 0x70
ConvertWinError received an unrecognized WinError: 0x70
JavaScript error: , line 0: uncaught exception: Object
JavaScript error: resource://gre/modules/PlacesUtils.jsm, line 1974: NS_ERROR_UNEXPECTED: Component returned failure code: 0x8000ffff (NS_ERROR_UNEXPECTED) [nsINavBookmarksService.tagsFolder]
ConvertWinError received an unrecognized WinError: 0x70
ConvertWinError received an unrecognized WinError: 0x70
ConvertWinError received an unrecognized WinError: 0x70
ConvertWinError received an unrecognized WinError: 0x70
console.error: PushService: 
  stateChangeProcessEnqueue: Error transitioning state
  UnknownError
ConvertWinError received an unrecognized WinError: 0x70
ConvertWinError received an unrecognized WinError: 0x70
1600992617203	Marionette	INFO	Listening on port 58983
console.error: Region.jsm: "Error fetching region" (new TypeError("NetworkError when attempting to fetch resource.", ""))
console.error: Region.jsm: "Failed to fetch region" (new Error("NO_RESULT", "resource://gre/modules/Region.jsm", 351))
ConvertWinError received an unrecognized WinError: 0x70
ConvertWinError received an unrecognized WinError: 0x70
ConvertWinError received an unrecognized WinError: 0x70
1600992617451	Marionette	WARN	TLS certificate errors will be ignored for this session
ConvertWinError received an unrecognized WinError: 0x70
JavaScript error: resource://gre/modules/Sqlite.jsm, line 894: Error: Error(s) encountered during statement execution: database or disk is full
ConvertWinError received an unrecognized WinError: 0x70
ConvertWinError received an unrecognized WinError: 0x70
ConvertWinError received an unrecognized WinError: 0x70
ConvertWinError received an unrecognized WinError: 0x70
ConvertWinError received an unrecognized WinError: 0x70
ConvertWinError received an unrecognized WinError: 0x70
ConvertWinError received an unrecognized WinError: 0x70
ConvertWinError received an unrecognized WinError: 0x70
console.error: SearchCache: "_buildCache: Could not write to cache file:" (new Error("", "(unknown module)"))
ConvertWinError received an unrecognized WinError: 0x70
ConvertWinError received an unrecognized WinError: 0x70
ConvertWinError received an unrecognized WinError: 0x70
ConvertWinError received an unrecognized WinError: 0x70
ConvertWinError received an unrecognized WinError: 0x70
ConvertWinError received an unrecognized WinError: 0x70
ConvertWinError received an unrecognized WinError: 0x70
Query failed: TypeError: conn is undefined
JavaScript error: resource://gre/modules/UnifiedComplete.jsm, line 761: TypeError: conn is undefined
JavaScript error: resource://gre/modules/UnifiedComplete.jsm, line 761: TypeError: conn is undefined
JavaScript error: resource://gre/modules/UnifiedComplete.jsm, line 761: TypeError: conn is undefined
JavaScript error: resource://gre/modules/UnifiedComplete.jsm, line 761: TypeError: conn is undefined
JavaScript error: resource://gre/modules/Sqlite.jsm, line 894: Error: Error(s) encountered during statement execution: database or disk is full
JavaScript error: resource://gre/modules/Sqlite.jsm, line 894: Error: Error(s) encountered during statement execution: database or disk is full
ConvertWinError received an unrecognized WinError: 0x70
ConvertWinError received an unrecognized WinError: 0x70
ConvertWinError received an unrecognized WinError: 0x70
ConvertWinError received an unrecognized WinError: 0x70
ConvertWinError received an unrecognized WinError: 0x70
JavaScript error: , line 0: NS_ERROR_FILE_NO_DEVICE_SPACE
JavaScript error: , line 0: QuotaExceededError: The current transaction exceeded its quota limitations.
ConvertWinError received an unrecognized WinError: 0x70
ConvertWinError received an unrecognized WinError: 0x70
ConvertWinError received an unrecognized WinError: 0x70
ConvertWinError received an unrecognized WinError: 0x70
ConvertWinError received an unrecognized WinError: 0x70
ConvertWinError received an unrecognized WinError: 0x70
ConvertWinError received an unrecognized WinError: 0x70
ConvertWinError received an unrecognized WinError: 0x70
ConvertWinError received an unrecognized WinError: 0x70
ConvertWinError received an unrecognized WinError: 0x70
ConvertWinError received an unrecognized WinError: 0x70
ConvertWinError received an unrecognized WinError: 0x70
ConvertWinError received an unrecognized WinError: 0x70
ConvertWinError received an unrecognized WinError: 0x70
ConvertWinError received an unrecognized WinError: 0x70
ConvertWinError received an unrecognized WinError: 0x70
ConvertWinError received an unrecognized WinError: 0x70
JavaScript error: resource://gre/modules/NewTabUtils.jsm, line 1442: TypeError: conn is undefined
ConvertWinError received an unrecognized WinError: 0x70
ConvertWinError received an unrecognized WinError: 0x70
console.error: "Could not write session state file " (new Error("", "(unknown module)")) ""
ConvertWinError received an unrecognized WinError: 0x70
ConvertWinError received an unrecognized WinError: 0x70
ConvertWinError received an unrecognized WinError: 0x70
JavaScript error: resource://gre/modules/NewTabUtils.jsm, line 1442: TypeError: conn is undefined
JavaScript error: resource://gre/modules/Sqlite.jsm, line 894: Error: Error(s) encountered during statement execution: database or disk is full
ConvertWinError received an unrecognized WinError: 0x70
ConvertWinError received an unrecognized WinError: 0x70
ConvertWinError received an unrecognized WinError: 0x70
ConvertWinError received an unrecognized WinError: 0x70
ConvertWinError received an unrecognized WinError: 0x70
ConvertWinError received an unrecognized WinError: 0x70
ConvertWinError received an unrecognized WinError: 0x70
ConvertWinError received an unrecognized WinError: 0x70
ConvertWinError received an unrecognized WinError: 0x70
ConvertWinError received an unrecognized WinError: 0x70
ConvertWinError received an unrecognized WinError: 0x70
ConvertWinError received an unrecognized WinError: 0x70
ConvertWinError received an unrecognized WinError: 0x70
ConvertWinError received an unrecognized WinError: 0x70
ConvertWinError received an unrecognized WinError: 0x70
ConvertWinError received an unrecognized WinError: 0x70
ConvertWinError received an unrecognized WinError: 0x70
ConvertWinError received an unrecognized WinError: 0x70
ConvertWinError received an unrecognized WinError: 0x70
ConvertWinError received an unrecognized WinError: 0x70
ConvertWinError received an unrecognized WinError: 0x70
ConvertWinError received an unrecognized WinError: 0x70
ConvertWinError received an unrecognized WinError: 0x70
ConvertWinError received an unrecognized WinError: 0x70
ConvertWinError received an unrecognized WinError: 0x70
ConvertWinError received an unrecognized WinError: 0x70
ConvertWinError received an unrecognized WinError: 0x70
ConvertWinError received an unrecognized WinError: 0x70
ConvertWinError received an unrecognized WinError: 0x70
ConvertWinError received an unrecognized WinError: 0x70
ConvertWinError received an unrecognized WinError: 0x70
ConvertWinError received an unrecognized WinError: 0x70
JavaScript error: resource://gre/modules/NewTabUtils.jsm, line 1442: TypeError: conn is undefined
ConvertWinError received an unrecognized WinError: 0x70
JavaScript error: resource://gre/modules/Sqlite.jsm, line 894: Error: Error(s) encountered during statement execution: database or disk is full
JavaScript error: resource://gre/modules/NewTabUtils.jsm, line 1442: TypeError: conn is undefined
ConvertWinError received an unrecognized WinError: 0x70
console.error: "Could not write session state file " (new Error("", "(unknown module)")) ""
JavaScript error: resource://gre/modules/AsyncShutdown.jsm, line 554: uncaught exception: Object
1600992661495	Marionette	INFO	Stopped listening on port 58983

###!!! [Child][RunMessage] Error: Channel closing: too late to send/recv, messages will be lost


###!!! [Child][MessageChannel::SendAndWait] Error: Channel error: cannot send/recv

ConvertWinError received an unrecognized WinError: 0x70
